Flutter crash report.
Please report a bug at https://github.com/flutter/flutter/issues.

## command

flutter run

## exception

DartDevelopmentServiceException: DartDevelopmentServiceException: Failed to start Dart Development Service

```
```

## flutter doctor

```
[32m[✓][39m Flutter (Channel stable, 3.35.5, on macOS 13.7.8 22H730 darwin-x64, locale en-JP) [547ms]
    [32m•[39m Flutter version 3.35.5 on channel stable at /System/Volumes/Data/all folder/flutter/flutter
    [32m•[39m Upstream repository https://github.com/flutter/flutter.git
    [32m•[39m Framework revision ac4e799d23 (5 weeks ago), 2025-09-26 12:05:09 -0700
    [32m•[39m Engine revision d3d45dcf25
    [32m•[39m Dart version 3.9.2
    [32m•[39m DevTools version 2.48.0
    [32m•[39m Feature flags: enable-web, enable-linux-desktop, enable-macos-desktop, enable-windows-desktop, enable-android, enable-ios,
      cli-animations, enable-lldb-debugging

[31m[✗][39m Android toolchain - develop for Android devices [69ms]
    [31m✗[39m Unable to locate Android SDK.
      Install Android Studio from: https://developer.android.com/studio/index.html
      On first launch it will assist you in installing the Android SDK components.
      (or visit https://flutter.dev/to/macos-android-setup for detailed instructions).
      If the Android SDK has been installed to a custom location, please use
      `flutter config --android-sdk` to update to that location.


[31m[✗][39m Xcode - develop for iOS and macOS [86ms]
    [31m✗[39m Xcode installation is incomplete; a full installation is necessary for iOS and macOS development.
      Download at: https://developer.apple.com/xcode/
      Or install Xcode via the App Store.
      Once installed, run:
        sudo xcode-select --switch /Applications/Xcode.app/Contents/Developer
        sudo xcodebuild -runFirstLaunch
    [31m✗[39m CocoaPods not installed.
        CocoaPods is a package manager for iOS or macOS platform code.
        Without CocoaPods, plugins will not work on iOS or macOS.
        For more info, see https://flutter.dev/to/platform-plugins
      For installation instructions, see https://guides.cocoapods.org/using/getting-started.html#installation

[32m[✓][39m Chrome - develop for the web [26ms]
    [32m•[39m Chrome at /Applications/Google Chrome.app/Contents/MacOS/Google Chrome

[33m[!][39m Android Studio (not installed) [25ms]
    [32m•[39m Android Studio not found; download from https://developer.android.com/studio/index.html
      (or visit https://flutter.dev/to/macos-android-setup for detailed instructions).

[32m[✓][39m VS Code (version 1.105.1) [25ms]
    [32m•[39m VS Code at /Users/apple/Desktop/vs code.app/Contents
    [32m•[39m Flutter extension version 3.120.0

[32m[✓][39m VS Code (version 1.87.2) [25ms]
    [32m•[39m VS Code at /Users/apple/Downloads/Visual Studio Code.app/Contents
    [32m•[39m Flutter extension version 3.120.0

[32m[✓][39m VS Code (version 1.87.2) [25ms]
    [32m•[39m VS Code at /Users/apple/Library/Mobile Documents/com~apple~CloudDocs/Downloads/Visual Studio Code.app/Contents
    [32m•[39m Flutter extension version 3.120.0

[32m[✓][39m VS Code (version 1.104.3) [25ms]
    [32m•[39m VS Code at /Users/apple/Downloads/Visual Studio Code 2.app/Contents
    [32m•[39m Flutter extension version 3.120.0

[32m[✓][39m Connected device (2 available) [50ms]
    [32m•[39m macOS (desktop) • macos  • darwin-x64     • macOS 13.7.8 22H730 darwin-x64
    [32m•[39m Chrome (web)    • chrome • web-javascript • Google Chrome 142.0.7444.60

[32m[✓][39m Network resources [14.3s]
    [32m•[39m All expected network resources are available.

[33m![39m Doctor found issues in 3 categories.
```
